<?xml version="1.0" encoding="UTF-8"?>
<!-- Generated by org.testng.reporters.JUnitReportReporter -->
<testsuite hostname="DESKTOP-2R4GRRB" failures="0" tests="10" name="com.TelecomDomainProject.Telecomprj" time="27.104" errors="0" timestamp="2024-12-24T20:36:24 IST" skipped="0">
  <testcase classname="com.TelecomDomainProject.Telecomprj" name="addNewUser" time="12.984"/>
  <system-out/>
  <testcase classname="com.TelecomDomainProject.Telecomprj" name="getProfile" time="1.576"/>
  <system-out/>
  <testcase classname="com.TelecomDomainProject.Telecomprj" name="updateUser" time="1.713"/>
  <system-out/>
  <testcase classname="com.TelecomDomainProject.Telecomprj" name="loginUser" time="1.582"/>
  <system-out/>
  <testcase classname="com.TelecomDomainProject.Telecomprj" name="addContact" time="1.714"/>
  <system-out/>
  <testcase classname="com.TelecomDomainProject.Telecomprj" name="getContactList" time="1.602"/>
  <system-out/>
  <testcase classname="com.TelecomDomainProject.Telecomprj" name="getContact" time="1.514"/>
  <system-out/>
  <testcase classname="com.TelecomDomainProject.Telecomprj" name="updateContact" time="1.495"/>
  <system-out/>
  <testcase classname="com.TelecomDomainProject.Telecomprj" name="updateContactpatch" time="1.478"/>
  <system-out/>
  <testcase classname="com.TelecomDomainProject.Telecomprj" name="logoutUser" time="1.446"/>
  <system-out/>
</testsuite> <!-- com.TelecomDomainProject.Telecomprj -->
