<?xml version="1.0" encoding="UTF-8"?>
<!-- Generated by org.testng.reporters.JUnitReportReporter -->
<testsuite hostname="DESKTOP-2R4GRRB" failures="0" tests="10" name="com.newApi.TelecomScenario" time="69.448" errors="0" timestamp="2024-12-18T20:21:08 IST" skipped="0">
  <testcase classname="com.newApi.TelecomScenario" name="addNewUser" time="50.745"/>
  <system-out/>
  <testcase classname="com.newApi.TelecomScenario" name="getProfile" time="3.293"/>
  <system-out/>
  <testcase classname="com.newApi.TelecomScenario" name="updateUser" time="1.880"/>
  <system-out/>
  <testcase classname="com.newApi.TelecomScenario" name="loginUser" time="2.707"/>
  <system-out/>
  <testcase classname="com.newApi.TelecomScenario" name="addContact" time="1.928"/>
  <system-out/>
  <testcase classname="com.newApi.TelecomScenario" name="getContactList" time="1.771"/>
  <system-out/>
  <testcase classname="com.newApi.TelecomScenario" name="getContact" time="1.621"/>
  <system-out/>
  <testcase classname="com.newApi.TelecomScenario" name="updateContact" time="1.759"/>
  <system-out/>
  <testcase classname="com.newApi.TelecomScenario" name="updateContactpatch" time="1.886"/>
  <system-out/>
  <testcase classname="com.newApi.TelecomScenario" name="logoutUser" time="1.858"/>
  <system-out/>
</testsuite> <!-- com.newApi.TelecomScenario -->
