<?xml version="1.0" encoding="UTF-8"?>
<!-- Generated by org.testng.reporters.JUnitReportReporter -->
<testsuite hostname="DESKTOP-2R4GRRB" failures="0" tests="5" name="com.TestNGDemos.ExcelProject" time="0.098" errors="0" timestamp="2024-12-15T14:45:48 IST" skipped="0">
  <testcase classname="com.TestNGDemos.ExcelProject" name="createLoginData" time="0.008"/>
  <system-out/>
  <testcase classname="com.TestNGDemos.ExcelProject" name="createLoginData" time="0.036"/>
  <system-out/>
  <testcase classname="com.TestNGDemos.ExcelProject" name="createLoginData" time="0.008"/>
  <system-out/>
  <testcase classname="com.TestNGDemos.ExcelProject" name="createLoginData" time="0.015"/>
  <system-out/>
  <testcase classname="com.TestNGDemos.ExcelProject" name="createLoginData" time="0.031"/>
  <system-out/>
</testsuite> <!-- com.TestNGDemos.ExcelProject -->
