<?xml version="1.0" encoding="UTF-8"?>
<!-- Generated by org.testng.reporters.JUnitReportReporter -->
<testsuite hostname="DESKTOP-2R4GRRB" failures="0" tests="1" name="com.Scenario2.LoginTest" time="9.573" errors="0" timestamp="2024-12-22T15:18:20 IST" skipped="0">
  <testcase classname="com.Scenario2.LoginTest" name="testLogin" time="9.573"/>
  <system-out/>
</testsuite> <!-- com.Scenario2.LoginTest -->
