<?xml version="1.0" encoding="UTF-8"?>
<!-- Generated by org.testng.reporters.JUnitReportReporter -->
<testsuite hostname="DESKTOP-2R4GRRB" failures="0" tests="1" name="com.TestNGDemos.WriteToExcel" time="0.137" errors="0" timestamp="2024-12-15T14:18:42 IST" skipped="0">
  <testcase classname="com.TestNGDemos.WriteToExcel" name="writeData" time="0.137"/>
  <system-out/>
</testsuite> <!-- com.TestNGDemos.WriteToExcel -->
