<?xml version="1.0" encoding="UTF-8"?>
<!-- Generated by org.testng.reporters.JUnitReportReporter -->
<testsuite hostname="DESKTOP-2R4GRRB" failures="0" tests="2" name="com.TestNGDemos.ReadDataExcel" time="0.052" errors="0" timestamp="2024-12-15T14:58:33 IST" skipped="1">
  <testcase classname="com.TestNGDemos.ReadDataExcel" name="getAllData" time="0.052"/>
  <system-out/>
  <testcase classname="com.TestNGDemos.ReadDataExcel" name="readData">
    <skipped/>
  </testcase> <!-- readData -->
  <system-out/>
</testsuite> <!-- com.TestNGDemos.ReadDataExcel -->
