<?xml version="1.0" encoding="UTF-8"?>
<!-- Generated by org.testng.reporters.JUnitReportReporter -->
<testsuite hostname="DESKTOP-2R4GRRB" failures="0" tests="1" name="com.scenario1.Readdata" time="0.000" errors="0" timestamp="2024-12-16T12:14:09 IST" skipped="1">
  <testcase classname="com.scenario1.Readdata" name="testLogin" time="0.000">
    <skipped/>
  </testcase> <!-- testLogin -->
  <system-out/>
</testsuite> <!-- com.scenario1.Readdata -->
