<?xml version="1.0" encoding="UTF-8"?>
<!-- Generated by org.testng.reporters.JUnitReportReporter -->
<testsuite hostname="DESKTOP-2R4GRRB" failures="0" tests="4" name="com.EcommerceApplication.AddToCart" time="51.331" errors="0" timestamp="2024-12-24T20:07:18 IST" skipped="0">
  <testcase classname="com.EcommerceApplication.AddToCart" name="signUp" time="21.491"/>
  <system-out/>
  <testcase classname="com.EcommerceApplication.AddToCart" name="signIn" time="7.913"/>
  <system-out/>
  <testcase classname="com.EcommerceApplication.AddToCart" name="cart" time="18.221"/>
  <system-out/>
  <testcase classname="com.EcommerceApplication.AddToCart" name="logOut" time="3.706"/>
  <system-out/>
</testsuite> <!-- com.EcommerceApplication.AddToCart -->
