<?xml version="1.0" encoding="UTF-8"?>
<!-- Generated by org.testng.reporters.JUnitReportReporter -->
<testsuite hostname="DESKTOP-2R4GRRB" failures="0" tests="4" name="com.OHRMSenaio2.DashboardPageTest" time="22.528" errors="0" timestamp="2024-12-23T15:41:29 IST" skipped="0">
  <testcase classname="com.OHRMSenaio2.DashboardPageTest" name="verifyAdmin" time="5.798"/>
  <system-out/>
  <testcase classname="com.OHRMSenaio2.DashboardPageTest" name="VerifySearchWithUsername" time="6.916"/>
  <system-out/>
  <testcase classname="com.OHRMSenaio2.DashboardPageTest" name="VerifySerchWithUserRole" time="4.888"/>
  <system-out/>
  <testcase classname="com.OHRMSenaio2.DashboardPageTest" name="VerifySerchWithUserStatus" time="4.926"/>
  <system-out/>
</testsuite> <!-- com.OHRMSenaio2.DashboardPageTest -->
