<?xml version="1.0" encoding="UTF-8"?>
<!-- Generated by org.testng.reporters.JUnitReportReporter -->
<testsuite hostname="DESKTOP-2R4GRRB" failures="0" tests="5" name="com.OHRM.ExtentReportOHRM" time="33.055" errors="0" timestamp="2024-12-20T23:29:04 IST" skipped="0">
  <testcase classname="com.OHRM.ExtentReportOHRM" name="loginToOHRM_Success_user1" time="16.067"/>
  <system-out/>
  <testcase classname="com.OHRM.ExtentReportOHRM" name="User2" time="4.525"/>
  <system-out/>
  <testcase classname="com.OHRM.ExtentReportOHRM" name="User3" time="7.594"/>
  <system-out/>
  <testcase classname="com.OHRM.ExtentReportOHRM" name="User4" time="2.551"/>
  <system-out/>
  <testcase classname="com.OHRM.ExtentReportOHRM" name="User5" time="2.318"/>
  <system-out/>
</testsuite> <!-- com.OHRM.ExtentReportOHRM -->
